Using pre-set license

 COMMAND LINE ARGUMENTS:
/Applications/Unity/Hub/Editor/2020.3.0f1/Unity.app/Contents/MacOS/Unity
-adb2
-batchMode
-noUpm
-name
AssetImportWorker0
-projectPath
/Users/muzaodamassa/Desktop/FIAP/Jogos Digitais/2ยบ Ano/Challenge Everis/GalaxyOfTreasures
-logFile
Logs/AssetImportWorker0.log
-srvPort
49429
Successfully changed project path to: /Users/muzaodamassa/Desktop/FIAP/Jogos Digitais/2ยบ Ano/Challenge Everis/GalaxyOfTreasures
/Users/muzaodamassa/Desktop/FIAP/Jogos Digitais/2ยบ Ano/Challenge Everis/GalaxyOfTreasures
Using Asset Import Pipeline V2.
Refreshing native plugins compatible for Editor in 35.95 ms, found 1 plugins.
Preloading 0 native plugins for Editor in 0.00 ms.
Initialize engine version: 2020.3.0f1 (c7b5465681fb)
[Subsystems] Discovering subsystems at path /Applications/Unity/Hub/Editor/2020.3.0f1/Unity.app/Contents/Resources/UnitySubsystems
[Subsystems] Discovering subsystems at path /Users/muzaodamassa/Desktop/FIAP/Jogos Digitais/2ยบ Ano/Challenge Everis/GalaxyOfTreasures/Assets
GfxDevice: creating device client; threaded=0
2021-05-26 09:41:31.322 Unity[1349:20823] Color LCD preferred device: Intel(R) UHD Graphics 630 (low power)
2021-05-26 09:41:31.322 Unity[1349:20823] Metal devices available: 2
2021-05-26 09:41:31.322 Unity[1349:20823] 0: AMD Radeon Pro 560X (high power)
2021-05-26 09:41:31.322 Unity[1349:20823] 1: Intel(R) UHD Graphics 630 (low power)
2021-05-26 09:41:31.322 Unity[1349:20823] Using device AMD Radeon Pro 560X (high power)
Initializing Metal device caps: AMD Radeon Pro 560X
Initialize mono
Mono path[0] = '/Applications/Unity/Hub/Editor/2020.3.0f1/Unity.app/Contents/Managed'
Mono path[1] = '/Applications/Unity/Hub/Editor/2020.3.0f1/Unity.app/Contents/MonoBleedingEdge/lib/mono/unityjit'
Mono config path = '/Applications/Unity/Hub/Editor/2020.3.0f1/Unity.app/Contents/MonoBleedingEdge/etc'
Using monoOptions --debugger-agent=transport=dt_socket,embedding=1,server=y,suspend=n,address=127.0.0.1:56349
Begin MonoManager ReloadAssembly
Registering precompiled unity dll's ...
Register platform support module: /Applications/Unity/Hub/Editor/2020.3.0f1/Unity.app/Contents/PlaybackEngines/MacStandaloneSupport/UnityEditor.OSXStandalone.Extensions.dll
Register platform support module: /Applications/Unity/Hub/Editor/2020.3.0f1/PlaybackEngines/WindowsStandaloneSupport/UnityEditor.WindowsStandalone.Extensions.dll
Registered in 0.000878 seconds.
Native extension for WindowsStandalone target not found
Native extension for OSXStandalone target not found
Refreshing native plugins compatible for Editor in 37.09 ms, found 1 plugins.
Preloading 0 native plugins for Editor in 0.00 ms.
Invoked RoslynAnalysisRunner static constructor.
RoslynAnalysisRunner will not be running.
RoslynAnalysisRunner has terminated.
Mono: successfully reloaded assembly
- Completed reload, in  4.686 seconds
Platform modules already initialized, skipping
Registering precompiled user dll's ...
Registered in 0.000785 seconds.
Begin MonoManager ReloadAssembly
Native extension for WindowsStandalone target not found
Native extension for OSXStandalone target not found
Refreshing native plugins compatible for Editor in 36.74 ms, found 1 plugins.
Preloading 0 native plugins for Editor in 0.00 ms.
WARNING: RGBA Compressed ETC2 UNorm format is not supported, decompressing texture
Invoked RoslynAnalysisRunner static constructor.
RoslynAnalysisRunner will not be running.
RoslynAnalysisRunner has terminated.
Mono: successfully reloaded assembly
- Completed reload, in  2.085 seconds
Platform modules already initialized, skipping
========================================================================
Worker process is ready to serve import requests
Launching external process: /Applications/Unity/Hub/Editor/2020.3.0f1/Unity.app/Contents/Tools/UnityShaderCompiler
Launched and connected shader compiler UnityShaderCompiler after 0.02 seconds
Refreshing native plugins compatible for Editor in 0.28 ms, found 1 plugins.
Preloading 0 native plugins for Editor in 0.00 ms.
Unloading 1649 Unused Serialized files (Serialized files now loaded: 0)
System memory in use before: 135.9 MB.
System memory in use after: 136.0 MB.

Unloading 12 unused Assets to reduce memory usage. Loaded Objects now: 2095.
Total: 2.064530 ms (FindLiveObjects: 0.217658 ms CreateObjectMapping: 0.069241 ms MarkObjects: 1.697983 ms  DeleteObjects: 0.078708 ms)

========================================================================
Received Import Request.
  path: Assets/Scripts/DigButton.cs
  artifactKey: Guid(e783250d3d14646a08f1a60847951a69) Importer(815301076,1909f56bfc062723c751e8b465ee728b)
Start importing Assets/Scripts/DigButton.cs using Guid(e783250d3d14646a08f1a60847951a69) Importer(815301076,1909f56bfc062723c751e8b465ee728b)  -> (artifact id: '3a8f43b2651563bb814d2d3d04dce291') in 0.609793 seconds
  Import took 0.613390 seconds .

========================================================================
Received Prepare
Registering precompiled user dll's ...
Registered in 0.000363 seconds.
Begin MonoManager ReloadAssembly
Native extension for WindowsStandalone target not found
Native extension for OSXStandalone target not found
Refreshing native plugins compatible for Editor in 0.34 ms, found 1 plugins.
Preloading 0 native plugins for Editor in 0.00 ms.
Invoked RoslynAnalysisRunner static constructor.
RoslynAnalysisRunner will not be running.
RoslynAnalysisRunner has terminated.
Mono: successfully reloaded assembly
- Completed reload, in  1.094 seconds
Platform modules already initialized, skipping
Switching build target platform(2) subTarget(0) extendedPlatform(0) -> platform(13) subTarget(589824) extendedPlatform(0)
Refreshing native plugins compatible for Editor in 0.36 ms, found 1 plugins.
Preloading 0 native plugins for Editor in 0.00 ms.
Unloading 1637 Unused Serialized files (Serialized files now loaded: 0)
System memory in use before: 139.1 MB.
System memory in use after: 139.2 MB.

Unloading 7 unused Assets to reduce memory usage. Loaded Objects now: 2099.
Total: 3.814976 ms (FindLiveObjects: 0.342059 ms CreateObjectMapping: 0.115176 ms MarkObjects: 3.268785 ms  DeleteObjects: 0.087103 ms)

AssetImportParameters requested are different than current active one (requested -> active):
  custom:graphics/normal-map-encoding: 01000000000000000000000000000000 -> 02000000000000000000000000000000
========================================================================
Received Import Request.
  Time since last request: 11.480179 seconds.
  path: Assets/Scripts/DigButton.cs
  artifactKey: Guid(e783250d3d14646a08f1a60847951a69) Importer(815301076,1909f56bfc062723c751e8b465ee728b)
Start importing Assets/Scripts/DigButton.cs using Guid(e783250d3d14646a08f1a60847951a69) Importer(815301076,1909f56bfc062723c751e8b465ee728b)  -> (artifact id: '4f1e971350244a6c938b3784932454cc') in 0.006943 seconds
  Import took 0.010857 seconds .

========================================================================
Received Prepare
Refreshing native plugins compatible for Editor in 1.33 ms, found 1 plugins.
Preloading 0 native plugins for Editor in 0.00 ms.
Unloading 3 Unused Serialized files (Serialized files now loaded: 0)
System memory in use before: 106.8 MB.
System memory in use after: 106.9 MB.

Unloading 3 unused Assets to reduce memory usage. Loaded Objects now: 2099.
Total: 1.908561 ms (FindLiveObjects: 0.182672 ms CreateObjectMapping: 0.065254 ms MarkObjects: 1.616511 ms  DeleteObjects: 0.042816 ms)

AssetImportWorkerClient::OnTransportError - code=2 error=End of file
